<?xml version="1.0" encoding="UTF-8"?>
<!-- Generated by org.testng.reporters.JUnitXMLReporter -->
<testsuite ignored="0" hostname="WINAPh5Un9jON7o" failures="0" tests="4" name="UserTest" time="6.445" errors="0" timestamp="2023-10-16T08:46:07 BRT">
  <testcase classname="api.test.UserTests2" name="testePostUser" time="2.383"/>
  <testcase classname="api.test.UserTests2" name="testeGetUserPorNome" time="0.857"/>
  <testcase classname="api.test.UserTests2" name="testeUpdateUserPorNome" time="1.542"/>
  <testcase classname="api.test.UserTests2" name="testeDeletePorNome" time="0.786"/>
</testsuite> <!-- UserTest -->
