<?xml version="1.0" encoding="UTF-8"?>
<!-- Generated by org.testng.reporters.JUnitXMLReporter -->
<testsuite ignored="0" hostname="WINAPh5Un9jON7o" failures="0" tests="4" name="UserTest" time="8.253" errors="0" timestamp="2023-10-16T10:22:52 BRT">
  <testcase classname="api.test.UserTests2" name="testePostUser" time="3.696"/>
  <testcase classname="api.test.UserTests2" name="testeGetUserPorNome" time="0.826"/>
  <testcase classname="api.test.UserTests2" name="testeUpdateUserPorNome" time="1.726"/>
  <testcase classname="api.test.UserTests2" name="testeDeletePorNome" time="0.795"/>
</testsuite> <!-- UserTest -->
