<?xml version="1.0" encoding="UTF-8"?>
<!-- Generated by org.testng.reporters.JUnitXMLReporter -->
<testsuite ignored="0" hostname="WINAPh5Un9jON7o" failures="0" tests="6" name="Default test" time="7.861" errors="0" timestamp="2023-10-09T11:29:10 BRT">
  <testcase classname="api.test.DDTestes" name="testePostUser" time="2.462"/>
  <testcase classname="api.test.DDTestes" name="testePostUser" time="0.828"/>
  <testcase classname="api.test.DDTestes" name="testePostUser" time="0.867"/>
  <testcase classname="api.test.DDTestes" name="testeDeleteUserPorNome" time="0.919"/>
  <testcase classname="api.test.DDTestes" name="testeDeleteUserPorNome" time="0.801"/>
  <testcase classname="api.test.DDTestes" name="testeDeleteUserPorNome" time="0.812"/>
</testsuite> <!-- Default test -->
