<?xml version="1.0" encoding="UTF-8"?>
<testng-results ignored="0" total="4" passed="4" failed="0" skipped="0">
  <reporter-output>
  </reporter-output>
  <suite started-at="2023-10-10T20:05:50 BRT" name="UserSuite" finished-at="2023-10-10T20:05:57 BRT" duration-ms="6395">
    <groups>
    </groups>
    <test started-at="2023-10-10T20:05:50 BRT" name="UserTest" finished-at="2023-10-10T20:05:57 BRT" duration-ms="6395">
      <class name="api.test.UserTests2">
        <test-method is-config="true" signature="setupDados()[pri:0, instance:api.test.UserTests2@192d43ce]" started-at="2023-10-10T20:05:50 BRT" name="setupDados" finished-at="2023-10-10T20:05:51 BRT" duration-ms="597" status="PASS">
          <reporter-output>
          </reporter-output>
        </test-method> <!-- setupDados -->
        <test-method signature="testePostUser()[pri:1, instance:api.test.UserTests2@192d43ce]" started-at="2023-10-10T20:05:51 BRT" name="testePostUser" finished-at="2023-10-10T20:05:54 BRT" duration-ms="2548" status="PASS">
          <reporter-output>
          </reporter-output>
        </test-method> <!-- testePostUser -->
        <test-method signature="testeGetUserPorNome()[pri:2, instance:api.test.UserTests2@192d43ce]" started-at="2023-10-10T20:05:54 BRT" name="testeGetUserPorNome" finished-at="2023-10-10T20:05:54 BRT" duration-ms="768" status="PASS">
          <reporter-output>
          </reporter-output>
        </test-method> <!-- testeGetUserPorNome -->
        <test-method signature="testeUpdateUserPorNome()[pri:3, instance:api.test.UserTests2@192d43ce]" started-at="2023-10-10T20:05:54 BRT" name="testeUpdateUserPorNome" finished-at="2023-10-10T20:05:56 BRT" duration-ms="1534" status="PASS">
          <reporter-output>
          </reporter-output>
        </test-method> <!-- testeUpdateUserPorNome -->
        <test-method signature="testeDeletePorNome()[pri:4, instance:api.test.UserTests2@192d43ce]" started-at="2023-10-10T20:05:56 BRT" name="testeDeletePorNome" finished-at="2023-10-10T20:05:57 BRT" duration-ms="746" status="PASS">
          <reporter-output>
          </reporter-output>
        </test-method> <!-- testeDeletePorNome -->
      </class> <!-- api.test.UserTests2 -->
    </test> <!-- UserTest -->
  </suite> <!-- UserSuite -->
</testng-results>
